16:30:05 [TGFSystem-akka.actor.default-dispatcher-8] WARN  akka.remote.RemoteActorRefProvider - Using the 'remote' ActorRefProvider directly, which is a low-level layer. For most use cases, the 'cluster' abstraction on top of remoting is more suitable instead.
16:30:05 [TGFSystem-akka.actor.default-dispatcher-8] WARN  akka.remote.RemoteActorRefProvider - Akka Cluster not in use - Using Akka Cluster is recommended if you need remote watch and deploy.
16:30:06 [TGFSystem-akka.actor.default-dispatcher-14] ERROR akka.actor.OneForOneStrategy - application.conf @ file:/C:/Users/zelih/IdeaProjects/kotam.tgf/TGF/target/classes/application.conf: 27: No configuration setting found for key 'CHF.path'
akka.actor.ActorInitializationException: akka://TGFSystem/user/TGFActor: exception during creation, root cause message: [application.conf @ file:/C:/Users/zelih/IdeaProjects/kotam.tgf/TGF/target/classes/application.conf: 27: No configuration setting found for key 'CHF.path']
	at akka.actor.ActorInitializationException$.apply(Actor.scala:196) ~[akka-actor_2.13-2.6.20.jar:2.6.20]
	at akka.actor.ActorCell.create(ActorCell.scala:668) ~[akka-actor_2.13-2.6.20.jar:2.6.20]
	at akka.actor.ActorCell.invokeAll$1(ActorCell.scala:513) [akka-actor_2.13-2.6.20.jar:2.6.20]
	at akka.actor.ActorCell.systemInvoke(ActorCell.scala:535) [akka-actor_2.13-2.6.20.jar:2.6.20]
	at akka.dispatch.Mailbox.processAllSystemMessages(Mailbox.scala:295) [akka-actor_2.13-2.6.20.jar:2.6.20]
	at akka.dispatch.Mailbox.run(Mailbox.scala:230) [akka-actor_2.13-2.6.20.jar:2.6.20]
	at akka.dispatch.Mailbox.exec(Mailbox.scala:243) [akka-actor_2.13-2.6.20.jar:2.6.20]
	at java.base/java.util.concurrent.ForkJoinTask.doExec(ForkJoinTask.java:507) [?:?]
	at java.base/java.util.concurrent.ForkJoinPool$WorkQueue.topLevelExec(ForkJoinPool.java:1460) [?:?]
	at java.base/java.util.concurrent.ForkJoinPool.runWorker(ForkJoinPool.java:2036) [?:?]
	at java.base/java.util.concurrent.ForkJoinWorkerThread.run(ForkJoinWorkerThread.java:189) [?:?]
Caused by: java.lang.reflect.InvocationTargetException
	at java.base/jdk.internal.reflect.DirectConstructorHandleAccessor.newInstance(DirectConstructorHandleAccessor.java:74) ~[?:?]
	at java.base/java.lang.reflect.Constructor.newInstanceWithCaller(Constructor.java:501) ~[?:?]
	at java.base/java.lang.reflect.Constructor.newInstance(Constructor.java:485) ~[?:?]
	at akka.util.Reflect$.instantiate(Reflect.scala:51) ~[akka-actor_2.13-2.6.20.jar:2.6.20]
	at akka.actor.NoArgsReflectConstructor.produce(IndirectActorProducer.scala:110) ~[akka-actor_2.13-2.6.20.jar:2.6.20]
	at akka.actor.Props.newActor(Props.scala:226) ~[akka-actor_2.13-2.6.20.jar:2.6.20]
	at akka.actor.ActorCell.newActor(ActorCell.scala:615) ~[akka-actor_2.13-2.6.20.jar:2.6.20]
	at akka.actor.ActorCell.create(ActorCell.scala:642) ~[akka-actor_2.13-2.6.20.jar:2.6.20]
	... 9 more
Caused by: com.typesafe.config.ConfigException$Missing: application.conf @ file:/C:/Users/zelih/IdeaProjects/kotam.tgf/TGF/target/classes/application.conf: 27: No configuration setting found for key 'CHF.path'
	at com.typesafe.config.impl.SimpleConfig.findKeyOrNull(SimpleConfig.java:157) ~[config-1.4.2.jar:1.4.2]
	at com.typesafe.config.impl.SimpleConfig.findOrNull(SimpleConfig.java:175) ~[config-1.4.2.jar:1.4.2]
	at com.typesafe.config.impl.SimpleConfig.findOrNull(SimpleConfig.java:181) ~[config-1.4.2.jar:1.4.2]
	at com.typesafe.config.impl.SimpleConfig.find(SimpleConfig.java:189) ~[config-1.4.2.jar:1.4.2]
	at com.typesafe.config.impl.SimpleConfig.find(SimpleConfig.java:194) ~[config-1.4.2.jar:1.4.2]
	at com.typesafe.config.impl.SimpleConfig.getString(SimpleConfig.java:251) ~[config-1.4.2.jar:1.4.2]
	at org.sk.i2i.evren.TGF.actors.AkkaActor.<init>(AkkaActor.java:13) ~[classes/:?]
	at java.base/jdk.internal.reflect.DirectConstructorHandleAccessor.newInstance(DirectConstructorHandleAccessor.java:62) ~[?:?]
	at java.base/java.lang.reflect.Constructor.newInstanceWithCaller(Constructor.java:501) ~[?:?]
	at java.base/java.lang.reflect.Constructor.newInstance(Constructor.java:485) ~[?:?]
	at akka.util.Reflect$.instantiate(Reflect.scala:51) ~[akka-actor_2.13-2.6.20.jar:2.6.20]
	at akka.actor.NoArgsReflectConstructor.produce(IndirectActorProducer.scala:110) ~[akka-actor_2.13-2.6.20.jar:2.6.20]
	at akka.actor.Props.newActor(Props.scala:226) ~[akka-actor_2.13-2.6.20.jar:2.6.20]
	at akka.actor.ActorCell.newActor(ActorCell.scala:615) ~[akka-actor_2.13-2.6.20.jar:2.6.20]
	at akka.actor.ActorCell.create(ActorCell.scala:642) ~[akka-actor_2.13-2.6.20.jar:2.6.20]
	... 9 more
